2024-10-10 20:17:38,285 DEBUG Horse: Создание Horse, имя [Bucephalus], скорость [2.4]
2024-10-10 20:17:38,286 DEBUG Horse: Создание Horse, имя [Ace of Spades], скорость [2.5]
2024-10-10 20:17:38,286 DEBUG Horse: Создание Horse, имя [Zephyr], скорость [2.6]
2024-10-10 20:17:38,286 DEBUG Horse: Создание Horse, имя [Blaze], скорость [2.7]
2024-10-10 20:17:38,286 DEBUG Horse: Создание Horse, имя [Lobster], скорость [2.8]
2024-10-10 20:17:38,286 DEBUG Horse: Создание Horse, имя [Pegasus], скорость [2.9]
2024-10-10 20:17:38,286 DEBUG Horse: Создание Horse, имя [Cherry], скорость [3.0]
2024-10-10 20:17:38,287 DEBUG Hippodrome: Создание Hippodrome, лошадей [7]
2024-10-10 20:17:38,287 INFO  Main: Начало скачек. Количество участников: 7
2024-10-10 20:17:39,105 INFO  Main: Окончание скачек. Победитель: Pegasus
2024-10-10 20:19:43,993 DEBUG Horse: Создание Horse, имя [Bucephalus], скорость [2.4]
2024-10-10 20:19:43,994 DEBUG Horse: Создание Horse, имя [Ace of Spades], скорость [2.5]
2024-10-10 20:19:43,994 DEBUG Horse: Создание Horse, имя [Zephyr], скорость [2.6]
2024-10-10 20:19:43,994 DEBUG Horse: Создание Horse, имя [Blaze], скорость [2.7]
2024-10-10 20:19:43,994 DEBUG Horse: Создание Horse, имя [Lobster], скорость [2.8]
2024-10-10 20:19:43,994 DEBUG Horse: Создание Horse, имя [Pegasus], скорость [2.9]
2024-10-10 20:19:43,995 DEBUG Horse: Создание Horse, имя [Cherry], скорость [3.0]
2024-10-10 20:19:43,995 DEBUG Hippodrome: Создание Hippodrome, лошадей [7]
2024-10-10 20:19:43,995 INFO  Main: Начало скачек. Количество участников: 7
2024-10-10 20:19:50,160 INFO  Main: Окончание скачек. Победитель: Cherry
2024-10-10 20:20:15,778 DEBUG Horse: Создание Horse, имя [Bucephalus], скорость [2.4]
2024-10-10 20:20:15,780 DEBUG Horse: Создание Horse, имя [Ace of Spades], скорость [2.5]
2024-10-10 20:20:15,780 DEBUG Horse: Создание Horse, имя [Zephyr], скорость [2.6]
2024-10-10 20:20:15,780 DEBUG Horse: Создание Horse, имя [Blaze], скорость [2.7]
2024-10-10 20:20:15,780 DEBUG Horse: Создание Horse, имя [Lobster], скорость [2.8]
2024-10-10 20:20:15,780 DEBUG Horse: Создание Horse, имя [Pegasus], скорость [2.9]
2024-10-10 20:20:15,780 DEBUG Horse: Создание Horse, имя [Cherry], скорость [3.0]
2024-10-10 20:20:15,780 DEBUG Hippodrome: Создание Hippodrome, лошадей [7]
2024-10-10 20:20:15,781 INFO  Main: Начало скачек. Количество участников: 7
2024-10-10 20:20:56,573 INFO  Main: Окончание скачек. Победитель: Cherry
2024-10-10 20:21:08,685 DEBUG Horse: Создание Horse, имя [Bucephalus], скорость [2.4]
2024-10-10 20:21:08,687 DEBUG Horse: Создание Horse, имя [Ace of Spades], скорость [2.5]
2024-10-10 20:21:08,687 DEBUG Horse: Создание Horse, имя [Zephyr], скорость [2.6]
2024-10-10 20:21:08,687 DEBUG Horse: Создание Horse, имя [Blaze], скорость [2.7]
2024-10-10 20:21:08,687 DEBUG Horse: Создание Horse, имя [Lobster], скорость [2.8]
2024-10-10 20:21:08,687 DEBUG Horse: Создание Horse, имя [Pegasus], скорость [2.9]
2024-10-10 20:21:08,687 DEBUG Horse: Создание Horse, имя [Cherry], скорость [3.0]
2024-10-10 20:21:08,688 DEBUG Hippodrome: Создание Hippodrome, лошадей [7]
2024-10-10 20:21:08,688 INFO  Main: Начало скачек. Количество участников: 7
2024-10-10 20:21:42,462 DEBUG Horse: Создание Horse, имя [Bucephalus], скорость [2.4]
2024-10-10 20:21:42,463 DEBUG Horse: Создание Horse, имя [Ace of Spades], скорость [2.5]
2024-10-10 20:21:42,463 DEBUG Horse: Создание Horse, имя [Zephyr], скорость [2.6]
2024-10-10 20:21:42,464 DEBUG Horse: Создание Horse, имя [Blaze], скорость [2.7]
2024-10-10 20:21:42,464 DEBUG Horse: Создание Horse, имя [Lobster], скорость [2.8]
2024-10-10 20:21:42,464 DEBUG Horse: Создание Horse, имя [Pegasus], скорость [2.9]
2024-10-10 20:21:42,464 DEBUG Horse: Создание Horse, имя [Cherry], скорость [3.0]
2024-10-10 20:21:42,464 DEBUG Hippodrome: Создание Hippodrome, лошадей [7]
2024-10-10 20:21:42,464 INFO  Main: Начало скачек. Количество участников: 7
2024-10-10 20:22:02,913 INFO  Main: Окончание скачек. Победитель: Lobster
2024-10-10 20:34:39,496 DEBUG Horse: Создание Horse, имя [Bucephalus], скорость [2.4]
2024-10-10 20:34:39,496 DEBUG Horse: Создание Horse, имя [Ace of Spades], скорость [2.5]
2024-10-10 20:34:39,496 DEBUG Horse: Создание Horse, имя [Zephyr], скорость [2.6]
2024-10-10 20:34:39,496 DEBUG Horse: Создание Horse, имя [Blaze], скорость [2.7]
2024-10-10 20:34:39,496 DEBUG Horse: Создание Horse, имя [Lobster], скорость [2.8]
2024-10-10 20:34:39,496 DEBUG Horse: Создание Horse, имя [Pegasus], скорость [2.9]
2024-10-10 20:34:39,496 DEBUG Horse: Создание Horse, имя [Cherry], скорость [3.0]
2024-10-10 20:34:39,497 DEBUG Hippodrome: Создание Hippodrome, лошадей [7]
2024-10-10 20:34:39,497 INFO  Main: Начало скачек. Количество участников: 7
2024-10-10 20:34:59,896 INFO  Main: Окончание скачек. Победитель: Cherry
2024-10-10 20:49:16,816 ERROR Horse: Name is null
2024-10-10 21:00:42,074 DEBUG Horse: Создание Horse, имя [Bucephalus], скорость [2.4]
2024-10-10 21:00:42,075 DEBUG Horse: Создание Horse, имя [Ace of Spades], скорость [2.5]
2024-10-10 21:00:42,075 DEBUG Horse: Создание Horse, имя [Zephyr], скорость [2.6]
2024-10-10 21:00:42,075 DEBUG Horse: Создание Horse, имя [Blaze], скорость [2.7]
2024-10-10 21:00:42,075 DEBUG Horse: Создание Horse, имя [Lobster], скорость [2.8]
2024-10-10 21:00:42,075 DEBUG Horse: Создание Horse, имя [Pegasus], скорость [2.9]
2024-10-10 21:00:42,075 DEBUG Horse: Создание Horse, имя [Cherry], скорость [3.0]
2024-10-10 21:00:42,076 DEBUG Hippodrome: Создание Hippodrome, лошадей [7]
2024-10-10 21:00:42,076 INFO  Main: Начало скачек. Количество участников: 7
2024-10-10 21:01:06,557 INFO  Main: Окончание скачек. Победитель: Cherry
2024-10-10 21:32:35,725 DEBUG Horse: Создание Horse, имя [Bucephalus], скорость [2.4]
2024-10-10 21:32:35,727 DEBUG Horse: Создание Horse, имя [Ace of Spades], скорость [2.5]
2024-10-10 21:32:35,727 DEBUG Horse: Создание Horse, имя [Zephyr], скорость [2.6]
2024-10-10 21:32:35,727 DEBUG Horse: Создание Horse, имя [Blaze], скорость [2.7]
2024-10-10 21:32:35,727 DEBUG Horse: Создание Horse, имя [Lobster], скорость [2.8]
2024-10-10 21:32:35,727 DEBUG Horse: Создание Horse, имя [Pegasus], скорость [2.9]
2024-10-10 21:32:35,727 DEBUG Horse: Создание Horse, имя [Cherry], скорость [3.0]
2024-10-10 21:32:35,728 DEBUG Hippodrome: Создание Hippodrome, лошадей [7]
2024-10-10 21:32:35,728 INFO  Main: Начало скачек. Количество участников: 7
2024-10-10 21:32:56,150 INFO  Main: Окончание скачек. Победитель: Cherry
2024-10-10 21:37:27,374 DEBUG Horse: Создание Horse, имя [Bucephalus], скорость [2.4]
2024-10-10 21:37:27,375 DEBUG Horse: Создание Horse, имя [Ace of Spades], скорость [2.5]
2024-10-10 21:37:27,375 DEBUG Horse: Создание Horse, имя [Zephyr], скорость [2.6]
2024-10-10 21:37:27,376 DEBUG Horse: Создание Horse, имя [Blaze], скорость [2.7]
2024-10-10 21:37:27,376 DEBUG Horse: Создание Horse, имя [Lobster], скорость [2.8]
2024-10-10 21:37:27,376 DEBUG Horse: Создание Horse, имя [Pegasus], скорость [2.9]
2024-10-10 21:37:27,376 DEBUG Horse: Создание Horse, имя [Cherry], скорость [3.0]
2024-10-10 21:37:27,376 DEBUG Hippodrome: Создание Hippodrome, лошадей [7]
2024-10-10 21:37:27,376 INFO  Main: Начало скачек. Количество участников: 7
2024-10-10 21:37:47,740 INFO  Main: Окончание скачек. Победитель: Cherry
